2016-11-19 20:58:31,875 [Worker-2] INFO  c.g.t.t.d.PublishedGradleVersions - Gradle version information cache is up-to-date. Trying to read.
2016-11-19 21:00:50,962 [Worker-7] INFO  o.e.m.c.i.l.LifecycleMappingFactory - Using org.eclipse.m2e.jdt.JarLifecycleMapping lifecycle mapping for MavenProject: io.github.lucasrrt.listaDeCompras:listaDeCompras:1.0-SNAPSHOT @ /home/ricarte/git/Lista-de-Compras/serverApp/pom.xml.
2016-11-19 21:00:51,835 [Worker-7] INFO  o.e.m.j.i.AbstractJavaProjectConfigurator - Adding source folder /serverApp/src/main/java
2016-11-19 21:00:51,837 [Worker-7] INFO  o.e.m.j.i.AbstractJavaProjectConfigurator - Adding source folder /serverApp/src/test/java
2016-11-19 21:00:53,103 [Worker-7] INFO  o.e.m.c.i.p.ProjectConfigurationManager - Imported and configured 1 project(s) in 3 sec
2016-11-19 21:00:54,678 [Worker-4] WARN  o.e.m.c.i.embedder.EclipseLogger - Using platform encoding (UTF-8 actually) to copy filtered resources, i.e. build is platform dependent!
2016-11-19 21:00:54,679 [Worker-4] INFO  o.e.m.c.i.embedder.EclipseLogger - skip non existing resourceDirectory /home/ricarte/git/Lista-de-Compras/serverApp/src/main/resources
2016-11-19 21:00:54,685 [Worker-4] WARN  o.e.m.c.i.embedder.EclipseLogger - Using platform encoding (UTF-8 actually) to copy filtered resources, i.e. build is platform dependent!
2016-11-19 21:00:54,685 [Worker-4] INFO  o.e.m.c.i.embedder.EclipseLogger - skip non existing resourceDirectory /home/ricarte/git/Lista-de-Compras/serverApp/src/test/resources
2016-11-19 21:04:21,489 [Worker-10] WARN  o.e.m.c.i.embedder.EclipseLogger - Using platform encoding (UTF-8 actually) to copy filtered resources, i.e. build is platform dependent!
2016-11-19 21:04:21,494 [Worker-10] INFO  o.e.m.c.i.embedder.EclipseLogger - skip non existing resourceDirectory /home/ricarte/git/Lista-de-Compras/serverApp/src/main/resources
2016-11-19 21:04:21,497 [Worker-10] WARN  o.e.m.c.i.embedder.EclipseLogger - Using platform encoding (UTF-8 actually) to copy filtered resources, i.e. build is platform dependent!
2016-11-19 21:04:21,497 [Worker-10] INFO  o.e.m.c.i.embedder.EclipseLogger - skip non existing resourceDirectory /home/ricarte/git/Lista-de-Compras/serverApp/src/test/resources
2016-11-19 21:06:37,489 [Worker-13] WARN  o.e.m.c.i.embedder.EclipseLogger - Using platform encoding (UTF-8 actually) to copy filtered resources, i.e. build is platform dependent!
2016-11-19 21:06:37,490 [Worker-13] INFO  o.e.m.c.i.embedder.EclipseLogger - skip non existing resourceDirectory /home/ricarte/git/Lista-de-Compras/serverApp/src/main/resources
2016-11-19 21:06:37,494 [Worker-13] WARN  o.e.m.c.i.embedder.EclipseLogger - Using platform encoding (UTF-8 actually) to copy filtered resources, i.e. build is platform dependent!
2016-11-19 21:06:37,494 [Worker-13] INFO  o.e.m.c.i.embedder.EclipseLogger - skip non existing resourceDirectory /home/ricarte/git/Lista-de-Compras/serverApp/src/test/resources
2016-11-19 21:08:07,493 [Worker-7] WARN  o.e.m.c.i.embedder.EclipseLogger - Using platform encoding (UTF-8 actually) to copy filtered resources, i.e. build is platform dependent!
2016-11-19 21:08:07,494 [Worker-7] INFO  o.e.m.c.i.embedder.EclipseLogger - skip non existing resourceDirectory /home/ricarte/git/Lista-de-Compras/serverApp/src/main/resources
2016-11-19 21:08:07,496 [Worker-7] WARN  o.e.m.c.i.embedder.EclipseLogger - Using platform encoding (UTF-8 actually) to copy filtered resources, i.e. build is platform dependent!
2016-11-19 21:08:07,497 [Worker-7] INFO  o.e.m.c.i.embedder.EclipseLogger - skip non existing resourceDirectory /home/ricarte/git/Lista-de-Compras/serverApp/src/test/resources
2016-11-19 21:08:37,127 [Worker-0] WARN  o.e.m.c.i.embedder.EclipseLogger - Using platform encoding (UTF-8 actually) to copy filtered resources, i.e. build is platform dependent!
2016-11-19 21:08:37,128 [Worker-0] INFO  o.e.m.c.i.embedder.EclipseLogger - skip non existing resourceDirectory /home/ricarte/git/Lista-de-Compras/serverApp/src/main/resources
2016-11-19 21:08:37,130 [Worker-0] WARN  o.e.m.c.i.embedder.EclipseLogger - Using platform encoding (UTF-8 actually) to copy filtered resources, i.e. build is platform dependent!
2016-11-19 21:08:37,130 [Worker-0] INFO  o.e.m.c.i.embedder.EclipseLogger - skip non existing resourceDirectory /home/ricarte/git/Lista-de-Compras/serverApp/src/test/resources
2016-11-19 21:21:02,258 [Worker-15] WARN  o.e.m.c.i.embedder.EclipseLogger - Using platform encoding (UTF-8 actually) to copy filtered resources, i.e. build is platform dependent!
2016-11-19 21:21:02,281 [Worker-15] INFO  o.e.m.c.i.embedder.EclipseLogger - skip non existing resourceDirectory /home/ricarte/git/Lista-de-Compras/serverApp/src/main/resources
2016-11-19 21:21:02,283 [Worker-15] WARN  o.e.m.c.i.embedder.EclipseLogger - Using platform encoding (UTF-8 actually) to copy filtered resources, i.e. build is platform dependent!
2016-11-19 21:21:02,290 [Worker-15] INFO  o.e.m.c.i.embedder.EclipseLogger - skip non existing resourceDirectory /home/ricarte/git/Lista-de-Compras/serverApp/src/test/resources
2016-11-19 21:23:02,956 [Worker-6] WARN  o.e.m.c.i.embedder.EclipseLogger - Using platform encoding (UTF-8 actually) to copy filtered resources, i.e. build is platform dependent!
2016-11-19 21:23:03,002 [Worker-6] INFO  o.e.m.c.i.embedder.EclipseLogger - skip non existing resourceDirectory /home/ricarte/git/Lista-de-Compras/serverApp/src/main/resources
2016-11-19 21:23:03,004 [Worker-6] WARN  o.e.m.c.i.embedder.EclipseLogger - Using platform encoding (UTF-8 actually) to copy filtered resources, i.e. build is platform dependent!
2016-11-19 21:23:03,005 [Worker-6] INFO  o.e.m.c.i.embedder.EclipseLogger - skip non existing resourceDirectory /home/ricarte/git/Lista-de-Compras/serverApp/src/test/resources
2016-11-19 21:23:29,349 [Worker-13] WARN  o.e.m.c.i.embedder.EclipseLogger - Using platform encoding (UTF-8 actually) to copy filtered resources, i.e. build is platform dependent!
2016-11-19 21:23:29,350 [Worker-13] INFO  o.e.m.c.i.embedder.EclipseLogger - skip non existing resourceDirectory /home/ricarte/git/Lista-de-Compras/serverApp/src/main/resources
2016-11-19 21:23:29,353 [Worker-13] WARN  o.e.m.c.i.embedder.EclipseLogger - Using platform encoding (UTF-8 actually) to copy filtered resources, i.e. build is platform dependent!
2016-11-19 21:23:29,360 [Worker-13] INFO  o.e.m.c.i.embedder.EclipseLogger - skip non existing resourceDirectory /home/ricarte/git/Lista-de-Compras/serverApp/src/test/resources
2016-11-19 21:24:20,078 [Worker-15] WARN  o.e.m.c.i.embedder.EclipseLogger - Using platform encoding (UTF-8 actually) to copy filtered resources, i.e. build is platform dependent!
2016-11-19 21:24:20,079 [Worker-15] INFO  o.e.m.c.i.embedder.EclipseLogger - skip non existing resourceDirectory /home/ricarte/git/Lista-de-Compras/serverApp/src/main/resources
2016-11-19 21:24:20,084 [Worker-15] WARN  o.e.m.c.i.embedder.EclipseLogger - Using platform encoding (UTF-8 actually) to copy filtered resources, i.e. build is platform dependent!
2016-11-19 21:24:20,085 [Worker-15] INFO  o.e.m.c.i.embedder.EclipseLogger - skip non existing resourceDirectory /home/ricarte/git/Lista-de-Compras/serverApp/src/test/resources
2016-11-19 21:26:28,280 [Worker-10] WARN  o.e.m.c.i.embedder.EclipseLogger - Using platform encoding (UTF-8 actually) to copy filtered resources, i.e. build is platform dependent!
2016-11-19 21:26:28,281 [Worker-10] INFO  o.e.m.c.i.embedder.EclipseLogger - skip non existing resourceDirectory /home/ricarte/git/Lista-de-Compras/serverApp/src/main/resources
2016-11-19 21:26:28,283 [Worker-10] WARN  o.e.m.c.i.embedder.EclipseLogger - Using platform encoding (UTF-8 actually) to copy filtered resources, i.e. build is platform dependent!
2016-11-19 21:26:28,283 [Worker-10] INFO  o.e.m.c.i.embedder.EclipseLogger - skip non existing resourceDirectory /home/ricarte/git/Lista-de-Compras/serverApp/src/test/resources
2016-11-19 21:31:00,125 [Worker-4] WARN  o.e.m.c.i.embedder.EclipseLogger - Using platform encoding (UTF-8 actually) to copy filtered resources, i.e. build is platform dependent!
2016-11-19 21:31:00,149 [Worker-4] INFO  o.e.m.c.i.embedder.EclipseLogger - skip non existing resourceDirectory /home/ricarte/git/Lista-de-Compras/serverApp/src/main/resources
2016-11-19 21:31:00,151 [Worker-4] WARN  o.e.m.c.i.embedder.EclipseLogger - Using platform encoding (UTF-8 actually) to copy filtered resources, i.e. build is platform dependent!
2016-11-19 21:31:00,152 [Worker-4] INFO  o.e.m.c.i.embedder.EclipseLogger - skip non existing resourceDirectory /home/ricarte/git/Lista-de-Compras/serverApp/src/test/resources
2016-11-19 21:35:31,439 [Worker-10] WARN  o.e.m.c.i.embedder.EclipseLogger - Using platform encoding (UTF-8 actually) to copy filtered resources, i.e. build is platform dependent!
2016-11-19 21:35:31,439 [Worker-10] INFO  o.e.m.c.i.embedder.EclipseLogger - skip non existing resourceDirectory /home/ricarte/git/Lista-de-Compras/serverApp/src/main/resources
2016-11-19 21:35:31,441 [Worker-10] WARN  o.e.m.c.i.embedder.EclipseLogger - Using platform encoding (UTF-8 actually) to copy filtered resources, i.e. build is platform dependent!
2016-11-19 21:35:31,441 [Worker-10] INFO  o.e.m.c.i.embedder.EclipseLogger - skip non existing resourceDirectory /home/ricarte/git/Lista-de-Compras/serverApp/src/test/resources
2016-11-19 21:37:27,454 [Worker-18] WARN  o.e.m.c.i.embedder.EclipseLogger - Using platform encoding (UTF-8 actually) to copy filtered resources, i.e. build is platform dependent!
2016-11-19 21:37:27,455 [Worker-18] INFO  o.e.m.c.i.embedder.EclipseLogger - skip non existing resourceDirectory /home/ricarte/git/Lista-de-Compras/serverApp/src/main/resources
2016-11-19 21:37:27,456 [Worker-18] WARN  o.e.m.c.i.embedder.EclipseLogger - Using platform encoding (UTF-8 actually) to copy filtered resources, i.e. build is platform dependent!
2016-11-19 21:37:27,457 [Worker-18] INFO  o.e.m.c.i.embedder.EclipseLogger - skip non existing resourceDirectory /home/ricarte/git/Lista-de-Compras/serverApp/src/test/resources
2016-11-19 21:47:41,630 [Worker-19] WARN  o.e.m.c.i.embedder.EclipseLogger - Using platform encoding (UTF-8 actually) to copy filtered resources, i.e. build is platform dependent!
2016-11-19 21:47:41,631 [Worker-19] INFO  o.e.m.c.i.embedder.EclipseLogger - skip non existing resourceDirectory /home/ricarte/git/Lista-de-Compras/serverApp/src/main/resources
2016-11-19 21:47:41,633 [Worker-19] WARN  o.e.m.c.i.embedder.EclipseLogger - Using platform encoding (UTF-8 actually) to copy filtered resources, i.e. build is platform dependent!
2016-11-19 21:47:41,633 [Worker-19] INFO  o.e.m.c.i.embedder.EclipseLogger - skip non existing resourceDirectory /home/ricarte/git/Lista-de-Compras/serverApp/src/test/resources
2016-11-19 22:04:25,312 [Worker-21] WARN  o.e.m.c.i.embedder.EclipseLogger - Using platform encoding (UTF-8 actually) to copy filtered resources, i.e. build is platform dependent!
2016-11-19 22:04:25,339 [Worker-21] INFO  o.e.m.c.i.embedder.EclipseLogger - skip non existing resourceDirectory /home/ricarte/git/Lista-de-Compras/serverApp/src/main/resources
2016-11-19 22:04:25,341 [Worker-21] WARN  o.e.m.c.i.embedder.EclipseLogger - Using platform encoding (UTF-8 actually) to copy filtered resources, i.e. build is platform dependent!
2016-11-19 22:04:25,342 [Worker-21] INFO  o.e.m.c.i.embedder.EclipseLogger - skip non existing resourceDirectory /home/ricarte/git/Lista-de-Compras/serverApp/src/test/resources
2016-11-19 22:05:06,656 [Worker-19] WARN  o.e.m.c.i.embedder.EclipseLogger - Using platform encoding (UTF-8 actually) to copy filtered resources, i.e. build is platform dependent!
2016-11-19 22:05:06,657 [Worker-19] INFO  o.e.m.c.i.embedder.EclipseLogger - skip non existing resourceDirectory /home/ricarte/git/Lista-de-Compras/serverApp/src/main/resources
2016-11-19 22:05:06,672 [Worker-19] WARN  o.e.m.c.i.embedder.EclipseLogger - Using platform encoding (UTF-8 actually) to copy filtered resources, i.e. build is platform dependent!
2016-11-19 22:05:06,672 [Worker-19] INFO  o.e.m.c.i.embedder.EclipseLogger - skip non existing resourceDirectory /home/ricarte/git/Lista-de-Compras/serverApp/src/test/resources
2016-11-19 22:06:16,540 [Worker-21] WARN  o.e.m.c.i.embedder.EclipseLogger - Using platform encoding (UTF-8 actually) to copy filtered resources, i.e. build is platform dependent!
2016-11-19 22:06:16,541 [Worker-21] INFO  o.e.m.c.i.embedder.EclipseLogger - skip non existing resourceDirectory /home/ricarte/git/Lista-de-Compras/serverApp/src/main/resources
2016-11-19 22:06:16,544 [Worker-21] WARN  o.e.m.c.i.embedder.EclipseLogger - Using platform encoding (UTF-8 actually) to copy filtered resources, i.e. build is platform dependent!
2016-11-19 22:06:16,544 [Worker-21] INFO  o.e.m.c.i.embedder.EclipseLogger - skip non existing resourceDirectory /home/ricarte/git/Lista-de-Compras/serverApp/src/test/resources
2016-11-19 22:07:09,148 [Worker-19] WARN  o.e.m.c.i.embedder.EclipseLogger - Using platform encoding (UTF-8 actually) to copy filtered resources, i.e. build is platform dependent!
2016-11-19 22:07:09,175 [Worker-19] INFO  o.e.m.c.i.embedder.EclipseLogger - skip non existing resourceDirectory /home/ricarte/git/Lista-de-Compras/serverApp/src/main/resources
2016-11-19 22:07:09,178 [Worker-19] WARN  o.e.m.c.i.embedder.EclipseLogger - Using platform encoding (UTF-8 actually) to copy filtered resources, i.e. build is platform dependent!
2016-11-19 22:07:09,178 [Worker-19] INFO  o.e.m.c.i.embedder.EclipseLogger - skip non existing resourceDirectory /home/ricarte/git/Lista-de-Compras/serverApp/src/test/resources
2016-11-19 22:08:20,730 [Worker-21] WARN  o.e.m.c.i.embedder.EclipseLogger - Using platform encoding (UTF-8 actually) to copy filtered resources, i.e. build is platform dependent!
2016-11-19 22:08:20,731 [Worker-21] INFO  o.e.m.c.i.embedder.EclipseLogger - skip non existing resourceDirectory /home/ricarte/git/Lista-de-Compras/serverApp/src/main/resources
2016-11-19 22:08:20,733 [Worker-21] WARN  o.e.m.c.i.embedder.EclipseLogger - Using platform encoding (UTF-8 actually) to copy filtered resources, i.e. build is platform dependent!
2016-11-19 22:08:20,733 [Worker-21] INFO  o.e.m.c.i.embedder.EclipseLogger - skip non existing resourceDirectory /home/ricarte/git/Lista-de-Compras/serverApp/src/test/resources
2016-11-19 22:09:55,106 [Worker-10] WARN  o.e.m.c.i.embedder.EclipseLogger - Using platform encoding (UTF-8 actually) to copy filtered resources, i.e. build is platform dependent!
2016-11-19 22:09:55,106 [Worker-10] INFO  o.e.m.c.i.embedder.EclipseLogger - skip non existing resourceDirectory /home/ricarte/git/Lista-de-Compras/serverApp/src/main/resources
2016-11-19 22:09:55,107 [Worker-10] WARN  o.e.m.c.i.embedder.EclipseLogger - Using platform encoding (UTF-8 actually) to copy filtered resources, i.e. build is platform dependent!
2016-11-19 22:09:55,117 [Worker-10] INFO  o.e.m.c.i.embedder.EclipseLogger - skip non existing resourceDirectory /home/ricarte/git/Lista-de-Compras/serverApp/src/test/resources
